\BOOKMARK [1][-]{section.1}{插入排序}{}% 1
\BOOKMARK [2][-]{subsection.1.1}{算法思路}{section.1}% 2
\BOOKMARK [2][-]{subsection.1.2}{算法实现代码}{section.1}% 3
\BOOKMARK [2][-]{subsection.1.3}{算法分析}{section.1}% 4
\BOOKMARK [1][-]{section.2}{深度优先查找}{}% 5
\BOOKMARK [2][-]{subsection.2.1}{算法思路}{section.2}% 6
\BOOKMARK [2][-]{subsection.2.2}{算法实现代码}{section.2}% 7
\BOOKMARK [2][-]{subsection.2.3}{算法分析}{section.2}% 8
\BOOKMARK [1][-]{section.3}{广度优先查找}{}% 9
\BOOKMARK [2][-]{subsection.3.1}{算法分析}{section.3}% 10
\BOOKMARK [2][-]{subsection.3.2}{算法实现代码}{section.3}% 11
\BOOKMARK [2][-]{subsection.3.3}{算法分析}{section.3}% 12
\BOOKMARK [1][-]{section.4}{拓扑排序}{}% 13
\BOOKMARK [1][-]{section.5}{生成排列}{}% 14
\BOOKMARK [1][-]{section.6}{生成子集}{}% 15
\BOOKMARK [1][-]{section.7}{假币问题}{}% 16
\BOOKMARK [1][-]{section.8}{俄式乘法}{}% 17
\BOOKMARK [1][-]{section.9}{约瑟夫斯问题}{}% 18
\BOOKMARK [1][-]{section.10}{计算中值和选择问题}{}% 19
\BOOKMARK [1][-]{section.11}{插值查找}{}% 20
\BOOKMARK [1][-]{section.12}{二叉查找树的查找和插入}{}% 21
